<?xml version="1.0" encoding="UTF-8"?>
<!-- Generated by org.testng.reporters.JUnitXMLReporter -->
<testsuite ignored="6" hostname="DESKTOP-V6S2GU6" failures="0" tests="1" name="Test" time="6.421" errors="0" timestamp="2024-06-09T08:54:38 CEST">
  <testcase classname="tests.TestsClass" name="Test03_GetAllUsers" time="6.25"/>
  <testcase classname="tests.TestsClass" name="Test01_AddUser" time="0.0">
    <ignored/>
  </testcase> <!-- Test01_AddUser -->
  <testcase classname="tests.TestsClass" name="Test06_getAllCarts" time="0.0">
    <ignored/>
  </testcase> <!-- Test06_getAllCarts -->
  <testcase classname="tests.TestsClass" name="Test02_Login" time="0.0">
    <ignored/>
  </testcase> <!-- Test02_Login -->
  <testcase classname="tests.TestsClass" name="Test07_CreateCart" time="0.0">
    <ignored/>
  </testcase> <!-- Test07_CreateCart -->
  <testcase classname="tests.TestsClass" name="Test04_GetUserByID" time="0.0">
    <ignored/>
  </testcase> <!-- Test04_GetUserByID -->
  <testcase classname="tests.TestsClass" name="Test05_GetLimitedUsersList" time="0.0">
    <ignored/>
  </testcase> <!-- Test05_GetLimitedUsersList -->
</testsuite> <!-- Test -->
