<?xml version="1.0" encoding="UTF-8"?>
<testng-results ignored="0" total="1" passed="1" failed="0" skipped="0">
  <reporter-output>
  </reporter-output>
  <suite started-at="2024-06-09T08:54:31 CEST" name="FakeStoreApi" finished-at="2024-06-09T08:54:38 CEST" duration-ms="6421">
    <groups>
    </groups>
    <test started-at="2024-06-09T08:54:31 CEST" name="Test" finished-at="2024-06-09T08:54:38 CEST" duration-ms="6421">
      <class name="tests.TestsClass">
        <test-method is-config="true" signature="CreateBody()[pri:0, instance:tests.TestsClass@202ba60a]" started-at="2024-06-09T08:54:31 CEST" name="CreateBody" finished-at="2024-06-09T08:54:31 CEST" duration-ms="113" status="PASS">
          <reporter-output>
          </reporter-output>
        </test-method> <!-- CreateBody -->
        <test-method signature="Test03_GetAllUsers()[pri:0, instance:tests.TestsClass@202ba60a]" started-at="2024-06-09T08:54:31 CEST" name="Test03_GetAllUsers" finished-at="2024-06-09T08:54:38 CEST" duration-ms="6250" status="PASS">
          <reporter-output>
          </reporter-output>
        </test-method> <!-- Test03_GetAllUsers -->
      </class> <!-- tests.TestsClass -->
    </test> <!-- Test -->
  </suite> <!-- FakeStoreApi -->
</testng-results>
